<?xml version="1.0" encoding="UTF-8"?>
<!-- Generated by org.testng.reporters.JUnitReportReporter -->
<testsuite hostname="DESKTOP-HG6U5T4" failures="0" tests="1" name="tests.TestChatFlow" time="90.294" errors="0" timestamp="2025-06-20T15:08:44 ICT" skipped="0">
  <testcase classname="tests.TestChatFlow" name="testChatBetweenUsers" time="90.294"/>
</testsuite> <!-- tests.TestChatFlow -->
