<?xml version="1.0" encoding="UTF-8"?>
<!-- Generated by org.testng.reporters.JUnitReportReporter -->
<testsuite hostname="DESKTOP-HG6U5T4" failures="0" tests="1" name="tests.test03_GitHubAPI" time="2.972" errors="0" timestamp="2025-06-20T16:33:16 ICT" skipped="0">
  <testcase classname="tests.test03_GitHubAPI" name="getGitHubInfo" time="2.972"/>
</testsuite> <!-- tests.test03_GitHubAPI -->
