<?xml version="1.0" encoding="UTF-8"?>
<!-- Generated by org.testng.reporters.JUnitReportReporter -->
<testsuite hostname="DESKTOP-HG6U5T4" failures="0" tests="1" name="tests.LoginTest" time="35.527" errors="0" timestamp="2025-06-18T00:01:45 ICT" skipped="0">
  <testcase classname="tests.LoginTest" name="testValidLogin" time="35.527"/>
</testsuite> <!-- tests.LoginTest -->
