<?xml version="1.0" encoding="UTF-8"?>
<!-- Generated by org.testng.reporters.JUnitReportReporter -->
<testsuite hostname="DESKTOP-HG6U5T4" failures="0" tests="1" name="tests.test01_VSeeClinic" time="78.757" errors="0" timestamp="2025-06-20T16:33:16 ICT" skipped="0">
  <testcase classname="tests.test01_VSeeClinic" name="testChatBetweenUsers" time="78.757"/>
</testsuite> <!-- tests.test01_VSeeClinic -->
